# JRE version: OpenJDK Runtime Environment (8.0_152-b02) (build 1.8.0_152-release-1024-b02)
# Java VM: OpenJDK 64-Bit Server VM (25.152-b02 mixed mode windows-amd64 compressed oops)
Heap:
 PSYoungGen      total 545792K, used 242056K [0x00000000d5580000, 0x0000000100000000, 0x0000000100000000)
  eden space 392704K, 55% used [0x00000000d5580000,0x00000000e2bf2998,0x00000000ed500000)
  from space 153088K, 14% used [0x00000000ed500000,0x00000000eeaef948,0x00000000f6a80000)
  to   space 145408K, 0% used [0x00000000f7200000,0x00000000f7200000,0x0000000100000000)
 ParOldGen       total 1137152K, used 875895K [0x0000000080000000, 0x00000000c5680000, 0x00000000d5580000)
  object space 1137152K, 77% used [0x0000000080000000,0x00000000b575dcc8,0x00000000c5680000)
 Metaspace       used 186728K, capacity 201262K, committed 249560K, reserved 1251328K
  class space    used 23322K, capacity 26464K, committed 48128K, reserved 1048576K
GC Heap History (10 events):
Event: 15268.063 GC heap before
{Heap before GC invocations=517 (full 30):
 PSYoungGen      total 565760K, used 456768K [0x00000000d5580000, 0x00000000ff700000, 0x0000000100000000)
  eden space 454144K, 100% used [0x00000000d5580000,0x00000000f1100000,0x00000000f1100000)
  from space 111616K, 2% used [0x00000000f8a00000,0x00000000f8c90010,0x00000000ff700000)
  to   space 117760K, 0% used [0x00000000f1100000,0x00000000f1100000,0x00000000f8400000)
 ParOldGen       total 1137152K, used 708119K [0x0000000080000000, 0x00000000c5680000, 0x00000000d5580000)
  object space 1137152K, 62% used [0x0000000080000000,0x00000000ab385e18,0x00000000c5680000)
 Metaspace       used 183443K, capacity 196312K, committed 249432K, reserved 1251328K
  class space    used 22687K, capacity 25172K, committed 48000K, reserved 1048576K
Event: 15268.071 GC heap after
Heap after GC invocations=517 (full 30):
 PSYoungGen      total 571904K, used 1952K [0x00000000d5580000, 0x00000000ffe00000, 0x0000000100000000)
  eden space 454144K, 0% used [0x00000000d5580000,0x00000000d5580000,0x00000000f1100000)
  from space 117760K, 1% used [0x00000000f1100000,0x00000000f12e8020,0x00000000f8400000)
  to   space 113664K, 0% used [0x00000000f8f00000,0x00000000f8f00000,0x00000000ffe00000)
 ParOldGen       total 1137152K, used 709255K [0x0000000080000000, 0x00000000c5680000, 0x00000000d5580000)
  object space 1137152K, 62% used [0x0000000080000000,0x00000000ab4a1e38,0x00000000c5680000)
 Metaspace       used 183443K, capacity 196312K, committed 249432K, reserved 1251328K
  class space    used 22687K, capacity 25172K, committed 48000K, reserved 1048576K
}
Event: 15290.386 GC heap before
{Heap before GC invocations=518 (full 30):
 PSYoungGen      total 571904K, used 456096K [0x00000000d5580000, 0x00000000ffe00000, 0x0000000100000000)
  eden space 454144K, 100% used [0x00000000d5580000,0x00000000f1100000,0x00000000f1100000)
  from space 117760K, 1% used [0x00000000f1100000,0x00000000f12e8020,0x00000000f8400000)
  to   space 113664K, 0% used [0x00000000f8f00000,0x00000000f8f00000,0x00000000ffe00000)
 ParOldGen       total 1137152K, used 709255K [0x0000000080000000, 0x00000000c5680000, 0x00000000d5580000)
  object space 1137152K, 62% used [0x0000000080000000,0x00000000ab4a1e38,0x00000000c5680000)
 Metaspace       used 183443K, capacity 196312K, committed 249432K, reserved 1251328K
  class space    used 22687K, capacity 25172K, committed 48000K, reserved 1048576K
Event: 15290.418 GC heap after
Heap after GC invocations=518 (full 30):
 PSYoungGen      total 577024K, used 62192K [0x00000000d5580000, 0x0000000100000000, 0x0000000100000000)
  eden space 463360K, 0% used [0x00000000d5580000,0x00000000d5580000,0x00000000f1a00000)
  from space 113664K, 54% used [0x00000000f8f00000,0x00000000fcbbc0c0,0x00000000ffe00000)
  to   space 117760K, 0% used [0x00000000f1a00000,0x00000000f1a00000,0x00000000f8d00000)
 ParOldGen       total 1137152K, used 709895K [0x0000000080000000, 0x00000000c5680000, 0x00000000d5580000)
  object space 1137152K, 62% used [0x0000000080000000,0x00000000ab541e58,0x00000000c5680000)
 Metaspace       used 183443K, capacity 196312K, committed 249432K, reserved 1251328K
  class space    used 22687K, capacity 25172K, committed 48000K, reserved 1048576K
}
Event: 15290.756 GC heap before
{Heap before GC invocations=519 (full 30):
 PSYoungGen      total 577024K, used 525552K [0x00000000d5580000, 0x0000000100000000, 0x0000000100000000)
  eden space 463360K, 100% used [0x00000000d5580000,0x00000000f1a00000,0x00000000f1a00000)
  from space 113664K, 54% used [0x00000000f8f00000,0x00000000fcbbc0c0,0x00000000ffe00000)
  to   space 117760K, 0% used [0x00000000f1a00000,0x00000000f1a00000,0x00000000f8d00000)
 ParOldGen       total 1137152K, used 709895K [0x0000000080000000, 0x00000000c5680000, 0x00000000d5580000)
  object space 1137152K, 62% used [0x0000000080000000,0x00000000ab541e58,0x00000000c5680000)
 Metaspace       used 183443K, capacity 196312K, committed 249432K, reserved 1251328K
  class space    used 22687K, capacity 25172K, committed 48000K, reserved 1048576K
Event: 15290.845 GC heap after
Heap after GC invocations=519 (full 30):
 PSYoungGen      total 581120K, used 117745K [0x00000000d5580000, 0x0000000100000000, 0x0000000100000000)
  eden space 463360K, 0% used [0x00000000d5580000,0x00000000d5580000,0x00000000f1a00000)
  from space 117760K, 99% used [0x00000000f1a00000,0x00000000f8cfc418,0x00000000f8d00000)
  to   space 117760K, 0% used [0x00000000f8d00000,0x00000000f8d00000,0x0000000100000000)
 ParOldGen       total 1137152K, used 758528K [0x0000000080000000, 0x00000000c5680000, 0x00000000d5580000)
  object space 1137152K, 66% used [0x0000000080000000,0x00000000ae4c0048,0x00000000c5680000)
 Metaspace       used 183443K, capacity 196312K, committed 249432K, reserved 1251328K
  class space    used 22687K, capacity 25172K, committed 48000K, reserved 1048576K
}
Event: 15291.279 GC heap before
{Heap before GC invocations=520 (full 30):
 PSYoungGen      total 581120K, used 581105K [0x00000000d5580000, 0x0000000100000000, 0x0000000100000000)
  eden space 463360K, 100% used [0x00000000d5580000,0x00000000f1a00000,0x00000000f1a00000)
  from space 117760K, 99% used [0x00000000f1a00000,0x00000000f8cfc418,0x00000000f8d00000)
  to   space 117760K, 0% used [0x00000000f8d00000,0x00000000f8d00000,0x0000000100000000)
 ParOldGen       total 1137152K, used 758528K [0x0000000080000000, 0x00000000c5680000, 0x00000000d5580000)
  object space 1137152K, 66% used [0x0000000080000000,0x00000000ae4c0048,0x00000000c5680000)
 Metaspace       used 183443K, capacity 196312K, committed 249432K, reserved 1251328K
  class space    used 22687K, capacity 25172K, committed 48000K, reserved 1048576K
Event: 15291.391 GC heap after
Heap after GC invocations=520 (full 30):
 PSYoungGen      total 510464K, used 13930K [0x00000000d5580000, 0x0000000100000000, 0x0000000100000000)
  eden space 392704K, 0% used [0x00000000d5580000,0x00000000d5580000,0x00000000ed500000)
  from space 117760K, 11% used [0x00000000f8d00000,0x00000000f9a9ab70,0x0000000100000000)
  to   space 153088K, 0% used [0x00000000ed500000,0x00000000ed500000,0x00000000f6a80000)
 ParOldGen       total 1137152K, used 871055K [0x0000000080000000, 0x00000000c5680000, 0x00000000d5580000)
  object space 1137152K, 76% used [0x0000000080000000,0x00000000b52a3cb8,0x00000000c5680000)
 Metaspace       used 183443K, capacity 196312K, committed 249432K, reserved 1251328K
  class space    used 22687K, capacity 25172K, committed 48000K, reserved 1048576K
}
Event: 15573.803 GC heap before
{Heap before GC invocations=521 (full 30):
 PSYoungGen      total 510464K, used 406634K [0x00000000d5580000, 0x0000000100000000, 0x0000000100000000)
  eden space 392704K, 100% used [0x00000000d5580000,0x00000000ed500000,0x00000000ed500000)
  from space 117760K, 11% used [0x00000000f8d00000,0x00000000f9a9ab70,0x0000000100000000)
  to   space 153088K, 0% used [0x00000000ed500000,0x00000000ed500000,0x00000000f6a80000)
 ParOldGen       total 1137152K, used 871055K [0x0000000080000000, 0x00000000c5680000, 0x00000000d5580000)
  object space 1137152K, 76% used [0x0000000080000000,0x00000000b52a3cb8,0x00000000c5680000)
 Metaspace       used 183754K, capacity 197056K, committed 249432K, reserved 1251328K
  class space    used 22767K, capacity 25395K, committed 48000K, reserved 1048576K
Event: 15573.847 GC heap after
Heap after GC invocations=521 (full 30):
 PSYoungGen      total 545792K, used 22462K [0x00000000d5580000, 0x0000000100000000, 0x0000000100000000)
  eden space 392704K, 0% used [0x00000000d5580000,0x00000000d5580000,0x00000000ed500000)
  from space 153088K, 14% used [0x00000000ed500000,0x00000000eeaef948,0x00000000f6a80000)
  to   space 145408K, 0% used [0x00000000f7200000,0x00000000f7200000,0x0000000100000000)
 ParOldGen       total 1137152K, used 875895K [0x0000000080000000, 0x00000000c5680000, 0x00000000d5580000)
  object space 1137152K, 77% used [0x0000000080000000,0x00000000b575dcc8,0x00000000c5680000)
 Metaspace       used 183754K, capacity 197056K, committed 249432K, reserved 1251328K
  class space    used 22767K, capacity 25395K, committed 48000K, reserved 1048576K
}

