# JRE version: OpenJDK Runtime Environment (8.0_152-b02) (build 1.8.0_152-release-1024-b02)
# Java VM: OpenJDK 64-Bit Server VM (25.152-b02 mixed mode windows-amd64 compressed oops)
Heap:
 PSYoungGen      total 606208K, used 53572K [0x00000000d5580000, 0x00000000fff00000, 0x0000000100000000)
  eden space 516096K, 8% used [0x00000000d5580000,0x00000000d81a1238,0x00000000f4d80000)
  from space 90112K, 9% used [0x00000000f4d80000,0x00000000f55b0000,0x00000000fa580000)
  to   space 88064K, 0% used [0x00000000fa900000,0x00000000fa900000,0x00000000fff00000)
 ParOldGen       total 574976K, used 488480K [0x0000000080000000, 0x00000000a3180000, 0x00000000d5580000)
  object space 574976K, 84% used [0x0000000080000000,0x000000009dd082d8,0x00000000a3180000)
 Metaspace       used 219812K, capacity 234090K, committed 234260K, reserved 1253376K
  class space    used 28044K, capacity 31235K, committed 31292K, reserved 1048576K
GC Heap History (10 events):
Event: 1770.248 GC heap before
{Heap before GC invocations=97 (full 6):
 PSYoungGen      total 595968K, used 514754K [0x00000000d5580000, 0x00000000ffb80000, 0x0000000100000000)
  eden space 502784K, 99% used [0x00000000d5580000,0x00000000f3fac318,0x00000000f4080000)
  from space 93184K, 13% used [0x00000000fa080000,0x00000000fad045e8,0x00000000ffb80000)
  to   space 95744K, 0% used [0x00000000f4080000,0x00000000f4080000,0x00000000f9e00000)
 ParOldGen       total 574976K, used 432087K [0x0000000080000000, 0x00000000a3180000, 0x00000000d5580000)
  object space 574976K, 75% used [0x0000000080000000,0x000000009a5f5d58,0x00000000a3180000)
 Metaspace       used 215998K, capacity 229296K, committed 232980K, reserved 1251328K
  class space    used 27532K, capacity 30408K, committed 31036K, reserved 1048576K
Event: 1770.262 GC heap after
Heap after GC invocations=97 (full 6):
 PSYoungGen      total 598528K, used 34844K [0x00000000d5580000, 0x00000000ff680000, 0x0000000100000000)
  eden space 502784K, 0% used [0x00000000d5580000,0x00000000d5580000,0x00000000f4080000)
  from space 95744K, 36% used [0x00000000f4080000,0x00000000f6287138,0x00000000f9e00000)
  to   space 89600K, 0% used [0x00000000f9f00000,0x00000000f9f00000,0x00000000ff680000)
 ParOldGen       total 574976K, used 433207K [0x0000000080000000, 0x00000000a3180000, 0x00000000d5580000)
  object space 574976K, 75% used [0x0000000080000000,0x000000009a70ddc8,0x00000000a3180000)
 Metaspace       used 215998K, capacity 229296K, committed 232980K, reserved 1251328K
  class space    used 27532K, capacity 30408K, committed 31036K, reserved 1048576K
}
Event: 1770.355 GC heap before
{Heap before GC invocations=98 (full 6):
 PSYoungGen      total 598528K, used 537288K [0x00000000d5580000, 0x00000000ff680000, 0x0000000100000000)
  eden space 502784K, 99% used [0x00000000d5580000,0x00000000f402b070,0x00000000f4080000)
  from space 95744K, 36% used [0x00000000f4080000,0x00000000f6287138,0x00000000f9e00000)
  to   space 89600K, 0% used [0x00000000f9f00000,0x00000000f9f00000,0x00000000ff680000)
 ParOldGen       total 574976K, used 433207K [0x0000000080000000, 0x00000000a3180000, 0x00000000d5580000)
  object space 574976K, 75% used [0x0000000080000000,0x000000009a70ddc8,0x00000000a3180000)
 Metaspace       used 215999K, capacity 229296K, committed 232980K, reserved 1251328K
  class space    used 27532K, capacity 30408K, committed 31036K, reserved 1048576K
Event: 1770.363 GC heap after
Heap after GC invocations=98 (full 6):
 PSYoungGen      total 599040K, used 160K [0x00000000d5580000, 0x00000000ffb00000, 0x0000000100000000)
  eden space 509440K, 0% used [0x00000000d5580000,0x00000000d5580000,0x00000000f4700000)
  from space 89600K, 0% used [0x00000000f9f00000,0x00000000f9f28000,0x00000000ff680000)
  to   space 90112K, 0% used [0x00000000f4700000,0x00000000f4700000,0x00000000f9f00000)
 ParOldGen       total 574976K, used 438537K [0x0000000080000000, 0x00000000a3180000, 0x00000000d5580000)
  object space 574976K, 76% used [0x0000000080000000,0x000000009ac42438,0x00000000a3180000)
 Metaspace       used 215999K, capacity 229296K, committed 232980K, reserved 1251328K
  class space    used 27532K, capacity 30408K, committed 31036K, reserved 1048576K
}
Event: 3814.494 GC heap before
{Heap before GC invocations=99 (full 6):
 PSYoungGen      total 599040K, used 509600K [0x00000000d5580000, 0x00000000ffb00000, 0x0000000100000000)
  eden space 509440K, 100% used [0x00000000d5580000,0x00000000f4700000,0x00000000f4700000)
  from space 89600K, 0% used [0x00000000f9f00000,0x00000000f9f28000,0x00000000ff680000)
  to   space 90112K, 0% used [0x00000000f4700000,0x00000000f4700000,0x00000000f9f00000)
 ParOldGen       total 574976K, used 438537K [0x0000000080000000, 0x00000000a3180000, 0x00000000d5580000)
  object space 574976K, 76% used [0x0000000080000000,0x000000009ac42438,0x00000000a3180000)
 Metaspace       used 217318K, capacity 230902K, committed 233236K, reserved 1251328K
  class space    used 27685K, capacity 30624K, committed 31036K, reserved 1048576K
Event: 3814.672 GC heap after
Heap after GC invocations=99 (full 6):
 PSYoungGen      total 599552K, used 12215K [0x00000000d5580000, 0x00000000ffa80000, 0x0000000100000000)
  eden space 509440K, 0% used [0x00000000d5580000,0x00000000d5580000,0x00000000f4700000)
  from space 90112K, 13% used [0x00000000f4700000,0x00000000f52edf38,0x00000000f9f00000)
  to   space 87040K, 0% used [0x00000000fa580000,0x00000000fa580000,0x00000000ffa80000)
 ParOldGen       total 574976K, used 438617K [0x0000000080000000, 0x00000000a3180000, 0x00000000d5580000)
  object space 574976K, 76% used [0x0000000080000000,0x000000009ac56438,0x00000000a3180000)
 Metaspace       used 217318K, capacity 230902K, committed 233236K, reserved 1251328K
  class space    used 27685K, capacity 30624K, committed 31036K, reserved 1048576K
}
Event: 3961.198 GC heap before
{Heap before GC invocations=100 (full 6):
 PSYoungGen      total 599552K, used 521655K [0x00000000d5580000, 0x00000000ffa80000, 0x0000000100000000)
  eden space 509440K, 100% used [0x00000000d5580000,0x00000000f4700000,0x00000000f4700000)
  from space 90112K, 13% used [0x00000000f4700000,0x00000000f52edf38,0x00000000f9f00000)
  to   space 87040K, 0% used [0x00000000fa580000,0x00000000fa580000,0x00000000ffa80000)
 ParOldGen       total 574976K, used 438617K [0x0000000080000000, 0x00000000a3180000, 0x00000000d5580000)
  object space 574976K, 76% used [0x0000000080000000,0x000000009ac56438,0x00000000a3180000)
 Metaspace       used 219585K, capacity 233822K, committed 234004K, reserved 1251328K
  class space    used 28012K, capacity 31185K, committed 31292K, reserved 1048576K
Event: 3961.397 GC heap after
Heap after GC invocations=100 (full 6):
 PSYoungGen      total 603136K, used 51767K [0x00000000d5580000, 0x0000000100000000, 0x0000000100000000)
  eden space 516096K, 0% used [0x00000000d5580000,0x00000000d5580000,0x00000000f4d80000)
  from space 87040K, 59% used [0x00000000fa580000,0x00000000fd80dde0,0x00000000ffa80000)
  to   space 90112K, 0% used [0x00000000f4d80000,0x00000000f4d80000,0x00000000fa580000)
 ParOldGen       total 574976K, used 442906K [0x0000000080000000, 0x00000000a3180000, 0x00000000d5580000)
  object space 574976K, 77% used [0x0000000080000000,0x000000009b086808,0x00000000a3180000)
 Metaspace       used 219585K, capacity 233822K, committed 234004K, reserved 1251328K
  class space    used 28012K, capacity 31185K, committed 31292K, reserved 1048576K
}
Event: 3967.612 GC heap before
{Heap before GC invocations=101 (full 6):
 PSYoungGen      total 603136K, used 567863K [0x00000000d5580000, 0x0000000100000000, 0x0000000100000000)
  eden space 516096K, 100% used [0x00000000d5580000,0x00000000f4d80000,0x00000000f4d80000)
  from space 87040K, 59% used [0x00000000fa580000,0x00000000fd80dde0,0x00000000ffa80000)
  to   space 90112K, 0% used [0x00000000f4d80000,0x00000000f4d80000,0x00000000fa580000)
 ParOldGen       total 574976K, used 442906K [0x0000000080000000, 0x00000000a3180000, 0x00000000d5580000)
  object space 574976K, 77% used [0x0000000080000000,0x000000009b086808,0x00000000a3180000)
 Metaspace       used 219795K, capacity 234072K, committed 234260K, reserved 1253376K
  class space    used 28042K, capacity 31232K, committed 31292K, reserved 1048576K
Event: 3967.661 GC heap after
Heap after GC invocations=101 (full 6):
 PSYoungGen      total 606208K, used 8384K [0x00000000d5580000, 0x00000000fff00000, 0x0000000100000000)
  eden space 516096K, 0% used [0x00000000d5580000,0x00000000d5580000,0x00000000f4d80000)
  from space 90112K, 9% used [0x00000000f4d80000,0x00000000f55b0000,0x00000000fa580000)
  to   space 88064K, 0% used [0x00000000fa900000,0x00000000fa900000,0x00000000fff00000)
 ParOldGen       total 574976K, used 488480K [0x0000000080000000, 0x00000000a3180000, 0x00000000d5580000)
  object space 574976K, 84% used [0x0000000080000000,0x000000009dd082d8,0x00000000a3180000)
 Metaspace       used 219795K, capacity 234072K, committed 234260K, reserved 1253376K
  class space    used 28042K, capacity 31232K, committed 31292K, reserved 1048576K
}

